\BOOKMARK [-1][]{ctitle.-1}{\376\377\227\142\124\021\126\376\120\317\226\306\124\010\122\006\174\173\166\204\236\316\146\374\155\101\137\142\122\044\122\053\133\146\116\140\145\271\154\325\170\024\172\166}{}% 1
\BOOKMARK [0][]{section*.3}{\376\377\144\130\000\040\211\201}{ctitle.-1}% 2
\BOOKMARK [0][]{ucaschapter.1.0}{\376\377\000A\000b\000s\000t\000r\000a\000c\000t}{ctitle.-1}% 3
\BOOKMARK [0][]{section*.5}{\376\377\166\356\000\040\137\125}{ctitle.-1}% 4
\BOOKMARK [0][]{section*.6}{\376\377\126\376\166\356\137\125}{ctitle.-1}% 5
\BOOKMARK [0][]{section*.7}{\376\377\210\150\166\356\137\125}{ctitle.-1}% 6
\BOOKMARK [0][]{chapter.1}{\376\377\173\054\116\000\172\340\000\040\176\352\000\040\213\272}{ctitle.-1}% 7
\BOOKMARK [1][-]{section.1.1}{\376\377\0001\000.\0001\000\040\225\356\230\230\166\204\200\314\146\157\116\016\141\017\116\111}{chapter.1}% 8
\BOOKMARK [1][-]{section.1.2}{\376\377\0001\000.\0002\000\040\126\375\121\205\131\026\170\024\172\166\163\260\162\266}{chapter.1}% 9
\BOOKMARK [2][-]{subsection.1.2.1}{\376\377\0001\000.\0002\000.\0001\000\040\173\046\123\367\213\364\146\016}{section.1.2}% 10
\BOOKMARK [2][-]{subsection.1.2.2}{\376\377\0001\000.\0002\000.\0002\000\040\126\376\120\317\226\306\124\010}{section.1.2}% 11
\BOOKMARK [2][-]{subsection.1.2.3}{\376\377\0001\000.\0002\000.\0003\000\040\133\120\172\172\225\364\116\345\123\312\155\101\137\142\136\372\152\041\166\204\145\271\154\325}{section.1.2}% 12
\BOOKMARK [2][-]{subsection.1.2.4}{\376\377\0001\000.\0002\000.\0004\000\040\116\377\134\004\123\005\136\372\152\041\166\204\145\271\154\325}{section.1.2}% 13
\BOOKMARK [2][-]{subsection.1.2.5}{\376\377\0001\000.\0002\000.\0005\000\040\176\337\213\241\136\372\152\041\126\376\120\317\226\306\124\010\166\204\145\271\154\325}{section.1.2}% 14
\BOOKMARK [2][-]{subsection.1.2.6}{\376\377\0001\000.\0002\000.\0006\000\040\155\361\136\246\133\146\116\140\166\204\145\271\154\325}{section.1.2}% 15
\BOOKMARK [2][-]{subsection.1.2.7}{\376\377\0001\000.\0002\000.\0007\000\040\126\375\121\205\131\026\170\024\172\166\163\260\162\266\134\017\176\323}{section.1.2}% 16
\BOOKMARK [1][-]{section.1.3}{\376\377\0001\000.\0003\000\040\145\160\143\156\116\313\176\315}{chapter.1}% 17
\BOOKMARK [1][-]{section.1.4}{\376\377\0001\000.\0004\000\040\147\054\145\207\166\204\176\304\176\307\176\323\147\204}{chapter.1}% 18
\BOOKMARK [0][]{chapter.2}{\376\377\173\054\116\214\172\340\000\040\167\351\226\065\121\375\145\160\166\204\133\374\145\160\213\241\173\227\116\016\167\351\226\065\155\101\137\142\116\012\166\204\127\372\147\054\117\030\123\026\145\271\154\325}{ctitle.-1}% 19
\BOOKMARK [1][-]{section.2.1}{\376\377\0002\000.\0001\000\040\236\316\146\374\155\101\137\142\173\200\116\313}{chapter.2}% 20
\BOOKMARK [2][-]{subsection.2.1.1}{\376\377\0002\000.\0001\000.\0001\000\040\236\316\146\374\155\101\137\142}{section.2.1}% 21
\BOOKMARK [2][-]{subsection.2.1.2}{\376\377\0002\000.\0001\000.\0002\000\040\133\371\171\360\153\143\133\232\167\351\226\065\155\101\137\142}{section.2.1}% 22
\BOOKMARK [1][-]{section.2.2}{\376\377\0002\000.\0002\000\040\117\030\123\026\225\356\230\230\116\016\150\257\136\246}{chapter.2}% 23
\BOOKMARK [2][-]{subsection.2.2.1}{\376\377\0002\000.\0002\000.\0001\000\040\142\311\150\074\147\027\145\345\133\371\120\166\225\356\230\230}{section.2.2}% 24
\BOOKMARK [2][-]{subsection.2.2.2}{\376\377\0002\000.\0002\000.\0002\000\040\150\257\136\246\213\241\173\227\225\356\230\230}{section.2.2}% 25
\BOOKMARK [2][-]{subsection.2.2.3}{\376\377\0002\000.\0002\000.\0003\000\040\150\257\136\246\116\013\226\115\124\214\121\161\217\155\150\257\136\246}{section.2.2}% 26
\BOOKMARK [1][-]{section.2.3}{\376\377\0002\000.\0003\000\040\167\351\226\065\121\375\145\160\166\204\133\374\145\160\213\241\173\227}{chapter.2}% 27
\BOOKMARK [2][-]{subsection.2.3.1}{\376\377\0002\000.\0003\000.\0001\000\040\167\351\226\065\121\375\145\160\154\102\133\374\166\204\116\000\202\054\137\142\137\017}{section.2.3}% 28
\BOOKMARK [2][-]{subsection.2.3.2}{\376\377\0002\000.\0003\000.\0002\000\040\167\351\226\065\123\005\124\053\0000\162\171\137\201\120\074\166\204\225\356\230\230}{section.2.3}% 29
\BOOKMARK [2][-]{subsection.2.3.3}{\376\377\0002\000.\0003\000.\0003\000\040\167\351\226\065\121\375\145\160\166\204\120\117\133\374\145\160\213\241\173\227\171\072\117\213}{section.2.3}% 30
\BOOKMARK [1][-]{section.2.4}{\376\377\0002\000.\0004\000\040\167\351\226\065\155\101\137\142\116\012\166\204\127\372\147\054\117\030\123\026\225\356\230\230}{chapter.2}% 31
\BOOKMARK [1][-]{section.2.5}{\376\377\0002\000.\0005\000\040\140\073\176\323}{chapter.2}% 32
\BOOKMARK [0][]{chapter.3}{\376\377\173\054\116\011\172\340\000\040\236\316\146\374\155\101\137\142\116\012\166\204\120\117\147\000\134\017\116\214\116\130\126\336\137\122}{ctitle.-1}% 33
\BOOKMARK [1][-]{section.3.1}{\376\377\0003\000.\0001\000\040\120\117\147\000\134\017\116\214\116\130\145\271\154\325}{chapter.3}% 34
\BOOKMARK [1][-]{section.3.2}{\376\377\0003\000.\0002\000\040\236\316\146\374\155\101\137\142\116\012\166\204\142\225\137\161\225\356\230\230}{chapter.3}% 35
\BOOKMARK [2][-]{subsection.3.2.1}{\376\377\0003\000.\0002\000.\0001\000\040\116\000\202\054\123\026\166\204\142\225\137\161}{section.3.2}% 36
\BOOKMARK [2][-]{subsection.3.2.2}{\376\377\0003\000.\0002\000.\0002\000\040\133\371\171\360\153\143\133\232\167\351\226\065\155\101\137\142\116\012\166\204\127\107\120\074}{section.3.2}% 37
\BOOKMARK [2][-]{subsection.3.2.3}{\376\377\0003\000.\0002\000.\0003\000\040\236\316\146\374\155\101\137\142\116\012\166\204\133\120\155\101\137\142\116\016\142\225\137\161}{section.3.2}% 38
\BOOKMARK [1][-]{section.3.3}{\376\377\0003\000.\0003\000\040\236\316\146\374\155\101\137\142\116\012\166\204\120\117\147\000\134\017\116\214\116\130\126\336\137\122\225\356\230\230}{chapter.3}% 39
\BOOKMARK [2][-]{subsection.3.3.1}{\376\377\0003\000.\0003\000.\0001\000\040\236\316\146\374\155\101\137\142\116\012\120\117\147\000\134\017\116\214\116\130\126\336\137\122\225\356\230\230\166\204\116\000\202\054\137\142\137\017}{section.3.3}% 40
\BOOKMARK [2][-]{subsection.3.3.2}{\376\377\0003\000.\0003\000.\0002\000\040\227\142\124\021\126\376\120\317\226\306\124\010\122\006\174\173\166\204\236\316\146\374\155\101\137\142\116\012\166\204\120\117\147\000\134\017\116\214\116\130\126\336\137\122}{section.3.3}% 41
\BOOKMARK [1][-]{section.3.4}{\376\377\0003\000.\0004\000\040\133\236\232\214\232\214\213\301}{chapter.3}% 42
\BOOKMARK [2][-]{subsection.3.4.1}{\376\377\0003\000.\0004\000.\0001\000\040\123\237\131\313\162\171\137\201\147\204\220\040}{section.3.4}% 43
\BOOKMARK [2][-]{subsection.3.4.2}{\376\377\0003\000.\0004\000.\0002\000\040\133\371\171\360\153\143\133\232\167\351\226\065\210\150\171\072\166\204\147\204\220\040}{section.3.4}% 44
\BOOKMARK [2][-]{subsection.3.4.3}{\376\377\0003\000.\0004\000.\0003\000\040\133\236\232\214\176\323\147\234\116\016\122\006\147\220}{section.3.4}% 45
\BOOKMARK [1][-]{section.3.5}{\376\377\0003\000.\0005\000\040\140\073\176\323\116\016\116\013\116\000\153\145\135\345\117\134}{chapter.3}% 46
\BOOKMARK [0][]{chapter.4}{\376\377\173\054\126\333\172\340\000\040\117\116\171\351\133\371\171\360\123\112\153\143\133\232\167\351\226\065\122\044\122\053\133\146\116\140\145\271\154\325}{ctitle.-1}% 47
\BOOKMARK [1][-]{section.4.1}{\376\377\0004\000.\0001\000\040\145\275\204\202\215\071\134\024\155\101\137\142\124\214\150\074\142\311\145\257\146\374\155\101\137\142}{chapter.4}% 48
\BOOKMARK [1][-]{section.4.2}{\376\377\0004\000.\0002\000\040\126\372\133\232\171\351\133\371\171\360\123\112\153\143\133\232\167\351\226\065\155\101\137\142}{chapter.4}% 49
\BOOKMARK [1][-]{section.4.3}{\376\377\0004\000.\0003\000\040\126\372\133\232\171\351\133\371\171\360\123\112\153\143\133\232\167\351\226\065\155\101\137\142\170\024\172\166\151\202\121\265}{chapter.4}% 50
\BOOKMARK [2][-]{subsection.4.3.1}{\376\377\0004\000.\0003\000.\0001\000\040\126\372\133\232\171\351\133\371\171\360\123\112\153\143\133\232\167\351\226\065\210\150\171\072\126\376\120\317\226\306\124\010}{section.4.3}% 51
\BOOKMARK [2][-]{subsection.4.3.2}{\376\377\0004\000.\0003\000.\0002\000\040\126\372\133\232\171\351\133\371\171\360\123\112\153\143\133\232\167\351\226\065\155\101\137\142\165\050\116\216\126\376\120\317\226\306\124\010\122\006\174\173}{section.4.3}% 52
\BOOKMARK [1][-]{section.4.4}{\376\377\0004\000.\0004\000\040\117\116\171\351\133\371\171\360\123\112\153\143\133\232\167\351\226\065\122\044\122\053\133\146\116\140\145\271\154\325}{chapter.4}% 53
\BOOKMARK [2][-]{subsection.4.4.1}{\376\377\0004\000.\0004\000.\0001\000\040\207\215\121\145\122\044\122\053\117\341\140\157\166\204\117\116\171\351\133\371\171\360\123\112\153\143\133\232\167\351\226\065\166\204\147\204\220\040}{section.4.4}% 54
\BOOKMARK [2][-]{subsection.4.4.2}{\376\377\0004\000.\0004\000.\0002\000\040\117\116\171\351\133\371\171\360\123\112\153\143\133\232\167\351\226\065\226\306\124\010\116\012\166\204\122\044\122\053\133\146\116\140\145\271\154\325}{section.4.4}% 55
\BOOKMARK [1][-]{section.4.5}{\376\377\0004\000.\0005\000\040\133\236\232\214\176\323\147\234\116\016\122\006\147\220}{chapter.4}% 56
\BOOKMARK [1][-]{section.4.6}{\376\377\0004\000.\0006\000\040\140\073\176\323\116\016\116\013\116\000\153\145\135\345\117\134}{chapter.4}% 57
\BOOKMARK [0][]{chapter.5}{\376\377\173\054\116\224\172\340\000\040\176\323\147\137\213\355}{ctitle.-1}% 58
\BOOKMARK [1][-]{section.5.1}{\376\377\0005\000.\0001\000\040\147\054\145\207\135\345\117\134\140\073\176\323}{chapter.5}% 59
\BOOKMARK [1][-]{section.5.2}{\376\377\0005\000.\0002\000\040\123\315\140\035\116\016\213\250\213\272}{chapter.5}% 60
\BOOKMARK [0][]{section*.33}{\376\377\123\302\200\003\145\207\163\056}{ctitle.-1}% 61
\BOOKMARK [0][]{section*.34}{\376\377\201\364\000\040\214\042}{ctitle.-1}% 62
\BOOKMARK [0][]{section*.35}{\376\377\117\134\200\005\173\200\116\313}{ctitle.-1}% 63
